<?xml version="1.0" encoding="UTF-8"?>
<!-- Generated by org.testng.reporters.JUnitXMLReporter -->
<testsuite hostname="DESKTOP-MA2BPC6" name="Default test" tests="8" failures="0" timestamp="24 Apr 2019 15:54:19 GMT" time="3.798" errors="0">
  <testcase name="test_01" time="2.593" classname="APITesting.com.org.api.JasonServerRequests"/>
  <testcase name="test_02" time="0.113" classname="APITesting.com.org.api.JasonServerRequests"/>
  <testcase name="test_02_1" time="0.081" classname="APITesting.com.org.api.JasonServerRequests"/>
  <testcase name="test_03" time="0.724" classname="APITesting.com.org.api.JasonServerRequests"/>
  <testcase name="test_04" time="0.048" classname="APITesting.com.org.api.JasonServerRequests"/>
  <testcase name="test_05" time="0.089" classname="APITesting.com.org.api.JasonServerRequests"/>
  <testcase name="test_06" time="0.041" classname="APITesting.com.org.api.JasonServerRequests"/>
  <testcase name="test_07" time="0.032" classname="APITesting.com.org.api.JasonServerRequests"/>
</testsuite> <!-- Default test -->
