<?xml version="1.0" encoding="UTF-8"?>
<!-- Generated by org.testng.reporters.JUnitXMLReporter -->
<testsuite hostname="DESKTOP-MA2BPC6" name="Default test" tests="9" failures="0" timestamp="24 Apr 2019 17:39:28 GMT" time="6.493" errors="0">
  <testcase name="test_01" time="4.1" classname="APITesting.com.org.api.JasonServerRequests"/>
  <testcase name="test_02" time="0.124" classname="APITesting.com.org.api.JasonServerRequests"/>
  <testcase name="test_02_1" time="0.049" classname="APITesting.com.org.api.JasonServerRequests"/>
  <testcase name="test_03" time="1.234" classname="APITesting.com.org.api.JasonServerRequests"/>
  <testcase name="test_04" time="0.068" classname="APITesting.com.org.api.JasonServerRequests"/>
  <testcase name="test_05" time="0.066" classname="APITesting.com.org.api.JasonServerRequests"/>
  <testcase name="test_06" time="0.033" classname="APITesting.com.org.api.JasonServerRequests"/>
  <testcase name="test_07" time="0.71" classname="APITesting.com.org.api.JasonServerRequests"/>
  <testcase name="test_08" time="0.062" classname="APITesting.com.org.api.JasonServerRequests"/>
</testsuite> <!-- Default test -->
