<?xml version="1.0" encoding="UTF-8"?>
<testng-results skipped="0" failed="0" total="5" passed="5">
  <reporter-output>
  </reporter-output>
  <suite name="Default suite" duration-ms="3635" started-at="2019-04-24T21:49:10Z" finished-at="2019-04-24T21:49:14Z">
    <groups>
    </groups>
    <test name="Default test" duration-ms="3635" started-at="2019-04-24T21:49:10Z" finished-at="2019-04-24T21:49:14Z">
      <class name="APITesting.com.org.api.JasonServerRequests">
        <test-method status="PASS" signature="test_01()[pri:0, instance:APITesting.com.org.api.JasonServerRequests@4c70fda8]" name="test_01" duration-ms="2386" started-at="2019-04-24T18:49:10Z" finished-at="2019-04-24T18:49:13Z">
          <reporter-output>
          </reporter-output>
        </test-method> <!-- test_01 -->
        <test-method status="PASS" signature="test_02()[pri:0, instance:APITesting.com.org.api.JasonServerRequests@4c70fda8]" name="test_02" duration-ms="196" started-at="2019-04-24T18:49:13Z" finished-at="2019-04-24T18:49:13Z">
          <reporter-output>
          </reporter-output>
        </test-method> <!-- test_02 -->
        <test-method status="PASS" signature="test_03()[pri:0, instance:APITesting.com.org.api.JasonServerRequests@4c70fda8]" name="test_03" duration-ms="856" started-at="2019-04-24T18:49:13Z" finished-at="2019-04-24T18:49:14Z">
          <reporter-output>
          </reporter-output>
        </test-method> <!-- test_03 -->
        <test-method status="PASS" signature="test_04()[pri:0, instance:APITesting.com.org.api.JasonServerRequests@4c70fda8]" name="test_04" duration-ms="58" started-at="2019-04-24T18:49:14Z" finished-at="2019-04-24T18:49:14Z">
          <reporter-output>
          </reporter-output>
        </test-method> <!-- test_04 -->
        <test-method status="PASS" signature="test_05()[pri:0, instance:APITesting.com.org.api.JasonServerRequests@4c70fda8]" name="test_05" duration-ms="65" started-at="2019-04-24T18:49:14Z" finished-at="2019-04-24T18:49:14Z">
          <reporter-output>
          </reporter-output>
        </test-method> <!-- test_05 -->
      </class> <!-- APITesting.com.org.api.JasonServerRequests -->
    </test> <!-- Default test -->
  </suite> <!-- Default suite -->
</testng-results>
